1695067865001	geckodriver	INFO	Listening on 127.0.0.1:64476
1695067868077	mozrunner::runner	INFO	Running command: "C:\\Program Files\\Mozilla Firefox\\firefox.exe" "--marionette" "--remote-debugging-port" "64477" "--remote-allow-hosts" "localhost" "-no-remote" "-profile" "C:\\Users\\ssunal\\AppData\\Local\\Temp\\rust_mozprofileQfgKys"
1695067919515	geckodriver	INFO	Listening on 127.0.0.1:64533
1695067922577	mozrunner::runner	INFO	Running command: "C:\\Program Files\\Mozilla Firefox\\firefox.exe" "--marionette" "--remote-debugging-port" "64534" "--remote-allow-hosts" "localhost" "-no-remote" "-profile" "C:\\Users\\ssunal\\AppData\\Local\\Temp\\rust_mozprofileyGyoNL"
console.warn: services.settings: Ignoring preference override of remote settings server
console.warn: services.settings: Allow by setting MOZ_REMOTE_SETTINGS_DEVTOOLS=1 in the environment
1695067922857	Marionette	INFO	Marionette enabled
Dynamically enable window occlusion 0
1695067922933	Marionette	INFO	Listening on port 64545
WebDriver BiDi listening on ws://127.0.0.1:64534
Read port: 64545
1695067923107	RemoteAgent	WARN	TLS certificate errors will be ignored for this session
DevTools listening on ws://127.0.0.1:64534/devtools/browser/692363b7-a0df-41e7-9420-e9463d041880
JavaScript error: https://www.lcwaikiki.com/tr-TR/TR, line 174: ReferenceError: ADRUM is not defined
JavaScript warning: https://www.lcwaikiki.com/NA7749RFW/K/G/-fsalRsKISPhGZAA/uYY5rzhrVN/MRg4WlVeUwU/OGojY/Ap0W3oB, line 1: unreachable code after return statement
JavaScript warning: https://www.lcwaikiki.com/NA7749RFW/K/G/-fsalRsKISPhGZAA/uYY5rzhrVN/MRg4WlVeUwU/OGojY/Ap0W3oB, line 1: WEBGL_debug_renderer_info is deprecated in Firefox and will be removed. Please use RENDERER.
JavaScript warning: https://www.lcwaikiki.com/NA7749RFW/K/G/-fsalRsKISPhGZAA/uYY5rzhrVN/MRg4WlVeUwU/OGojY/Ap0W3oB, line 1: WEBGL_debug_renderer_info is deprecated in Firefox and will be removed. Please use RENDERER.
JavaScript warning: https://www.lcwaikiki.com/NA7749RFW/K/G/-fsalRsKISPhGZAA/uYY5rzhrVN/MRg4WlVeUwU/OGojY/Ap0W3oB, line 1: WEBGL_debug_renderer_info is deprecated in Firefox and will be removed. Please use RENDERER.
JavaScript error: https://www.lcwaikiki.com/tr-TR/TR line 2 > injectedScript, line 1: TypeError: element is undefined
1695068065774	geckodriver	INFO	Listening on 127.0.0.1:64694
1695068068840	mozrunner::runner	INFO	Running command: "C:\\Program Files\\Mozilla Firefox\\firefox.exe" "--marionette" "--remote-debugging-port" "64695" "--remote-allow-hosts" "localhost" "-no-remote" "-profile" "C:\\Users\\ssunal\\AppData\\Local\\Temp\\rust_mozprofilenBKu5H"
console.warn: services.settings: Ignoring preference override of remote settings server
console.warn: services.settings: Allow by setting MOZ_REMOTE_SETTINGS_DEVTOOLS=1 in the environment
1695068069181	Marionette	INFO	Marionette enabled
Dynamically enable window occlusion 0
1695068069251	Marionette	INFO	Listening on port 64703
WebDriver BiDi listening on ws://127.0.0.1:64695
Read port: 64703
1695068069425	RemoteAgent	WARN	TLS certificate errors will be ignored for this session
DevTools listening on ws://127.0.0.1:64695/devtools/browser/e19b93ae-e7d9-457c-989e-528dbdacbd08
JavaScript error: https://www.lcwaikiki.com/tr-TR/TR, line 174: ReferenceError: ADRUM is not defined
JavaScript warning: https://www.lcwaikiki.com/NA7749RFW/K/G/-fsalRsKISPhGZAA/uYY5rzhrVN/MRg4WlVeUwU/OGojY/Ap0W3oB, line 1: unreachable code after return statement
JavaScript error: https://www.lcwaikiki.com/tr-TR/TR line 2 > injectedScript, line 1: TypeError: element is undefined
JavaScript error: https://www.googletagmanager.com/gtm.js?id=GTM-P7BHVG, line 89: uncaught exception: [object Object]
JavaScript error: https://www.googletagmanager.com/gtm.js?id=GTM-P7BHVG, line 89: uncaught exception: [object Object]
JavaScript error: , line 0: TypeError: NetworkError when attempting to fetch resource.
JavaScript warning: https://www.lcwaikiki.com/NA7749RFW/K/G/-fsalRsKISPhGZAA/uYY5rzhrVN/MRg4WlVeUwU/OGojY/Ap0W3oB, line 1: WEBGL_debug_renderer_info is deprecated in Firefox and will be removed. Please use RENDERER.
JavaScript error: https://www.lcwaikiki.com/tr-TR/TR, line 174: ReferenceError: ADRUM is not defined
JavaScript warning: https://www.lcwaikiki.com/NA7749RFW/K/G/-fsalRsKISPhGZAA/uYY5rzhrVN/MRg4WlVeUwU/OGojY/Ap0W3oB, line 1: unreachable code after return statement
JavaScript warning: https://www.lcwaikiki.com/NA7749RFW/K/G/-fsalRsKISPhGZAA/uYY5rzhrVN/MRg4WlVeUwU/OGojY/Ap0W3oB, line 1: WEBGL_debug_renderer_info is deprecated in Firefox and will be removed. Please use RENDERER.
JavaScript error: https://www.lcwaikiki.com/tr-TR/TR line 2 > injectedScript, line 1: TypeError: element is undefined
JavaScript warning: https://www.lcwaikiki.com/NA7749RFW/K/G/-fsalRsKISPhGZAA/uYY5rzhrVN/MRg4WlVeUwU/OGojY/Ap0W3oB, line 1: WEBGL_debug_renderer_info is deprecated in Firefox and will be removed. Please use RENDERER.
JavaScript warning: https://www.lcwaikiki.com/NA7749RFW/K/G/-fsalRsKISPhGZAA/uYY5rzhrVN/MRg4WlVeUwU/OGojY/Ap0W3oB, line 1: WEBGL_debug_renderer_info is deprecated in Firefox and will be removed. Please use RENDERER.
JavaScript error: https://www.lcwaikiki.com/tr-TR/TR/kategori/kadin/kadin_fular_sal-62, line 174: ReferenceError: ADRUM is not defined
JavaScript warning: https://gum.criteo.com/syncframe?topUrl=www.lcwaikiki.com&origin=onetag#{%22bundle%22:{%22origin%22:0,%22value%22:null},%22cw%22:true,%22optout%22:{%22origin%22:0,%22value%22:null},%22origin%22:%22onetag%22,%22sid%22:{%22origin%22:0,%22value%22:null},%22tld%22:%22lcwaikiki.com%22,%22topUrl%22:%22www.lcwaikiki.com%22,%22version%22:%225_18_0%22,%22ifa%22:{%22origin%22:0,%22value%22:null},%22lsw%22:true,%22pm%22:0}, line 14: Script terminated by timeout at:
r.prototype.logPixel@https://gum.criteo.com/syncframe?topUrl=www.lcwaikiki.com&origin=onetag#{%22bundle%22:{%22origin%22:0,%22value%22:null},%22cw%22:true,%22optout%22:{%22origin%22:0,%22value%22:null},%22origin%22:%22onetag%22,%22sid%22:{%22origin%22:0,%22value%22:null},%22tld%22:%22lcwaikiki.com%22,%22topUrl%22:%22www.lcwaikiki.com%22,%22version%22:%225_18_0%22,%22ifa%22:{%22origin%22:0,%22value%22:null},%22lsw%22:true,%22pm%22:0}:14:3418
r.prototype.flushEventQueue@https://gum.criteo.com/syncframe?topUrl=www.lcwaikiki.com&origin=onetag#{%22bundle%22:{%22origin%22:0,%22value%22:null},%22cw%22:true,%22optout%22:{%22origin%22:0,%22value%22:null},%22origin%22:%22onetag%22,%22sid%22:{%22origin%22:0,%22value%22:null},%22tld%22:%22lcwaikiki.com%22,%22topUrl%22:%22www.lcwaikiki.com%22,%22version%22:%225_18_0%22,%22ifa%22:{%22origin%22:0,%22value%22:null},%22lsw%22:true,%22pm%22:0}:14:3152
r/<@https://gum.criteo.com/syncframe?topUrl=www.lcwaikiki.com&origin=onetag#{%22bundle%22:{%22origin%22:0,%22value%22:null},%22cw%22:true,%22optout%22:{%22origin%22:0,%22value%22:null},%22origin%22:%22onetag%22,%22sid%22:{%22origin%22:0,%22value%22:null},%22tld%22:%22lcwaikiki.com%22,%22topUrl%22:%22www.lcwaikiki.com%22,%22version%22:%225_18_0%22,%22ifa%22:{%22origin%22:0,%22value%22:null},%22lsw%22:true,%22pm%22:0}:14:3642

JavaScript warning: https://www.lcwaikiki.com/NA7749RFW/K/G/-fsalRsKISPhGZAA/uYY5rzhrVN/MRg4WlVeUwU/OGojY/Ap0W3oB, line 1: unreachable code after return statement
JavaScript warning: https://www.lcwaikiki.com/NA7749RFW/K/G/-fsalRsKISPhGZAA/uYY5rzhrVN/MRg4WlVeUwU/OGojY/Ap0W3oB, line 1: WEBGL_debug_renderer_info is deprecated in Firefox and will be removed. Please use RENDERER.
JavaScript warning: https://www.lcwaikiki.com/NA7749RFW/K/G/-fsalRsKISPhGZAA/uYY5rzhrVN/MRg4WlVeUwU/OGojY/Ap0W3oB, line 1: WEBGL_debug_renderer_info is deprecated in Firefox and will be removed. Please use RENDERER.
JavaScript warning: https://www.lcwaikiki.com/NA7749RFW/K/G/-fsalRsKISPhGZAA/uYY5rzhrVN/MRg4WlVeUwU/OGojY/Ap0W3oB, line 1: WEBGL_debug_renderer_info is deprecated in Firefox and will be removed. Please use RENDERER.
JavaScript error: https://www.lcwaikiki.com/tr-TR/TR/urun/LC-WAIKIKI/kadin/Sal/6795296/3194010, line 632: ReferenceError: ADRUM is not defined
JavaScript warning: https://gum.criteo.com/syncframe?topUrl=www.lcwaikiki.com&origin=onetag#{%22bundle%22:{%22origin%22:3,%22value%22:%22LqcIe19XSU5PdVVTRkRJSmJJJTJCd0xRaXphTFE3bmhsV1RQWGtiTVk3VlBuSnF6QU9veWtOTTNDUTVlcW5Hd0drcUlRSlRqazhUQWt3cTRGT2VUemVDTXVrUzZyaUpMSVFlckVQSE1oNHZCJTJGJTJGJTJCd056VmtyODl0d2p2bmNqSE5TdCUyRnZpbGFVTFklMkZYMjM3aXh5aHl1UklCY2cxdDdPbWRBU1ElMkJmazEwVk9rek9leCUyQlhidk9QYXVtV0FpbzBHelhtZmliaEpr%22},%22cw%22:true,%22optout%22:{%22origin%22:0,%22value%22:null},%22origin%22:%22onetag%22,%22sid%22:{%22origin%22:0,%22value%22:null},%22tld%22:%22lcwaikiki.com%22,%22topUrl%22:%22www.lcwaikiki.com%22,%22version%22:%225_18_0%22,%22ifa%22:{%22origin%22:0,%22value%22:null},%22lsw%22:true,%22pm%22:0}, line 14: Script terminated by timeout at:
r.prototype.flushEventQueue@https://gum.criteo.com/syncframe?topUrl=www.lcwaikiki.com&origin=onetag#{%22bundle%22:{%22origin%22:3,%22value%22:%22LqcIe19XSU5PdVVTRkRJSmJJJTJCd0xRaXphTFE3bmhsV1RQWGtiTVk3VlBuSnF6QU9veWtOTTNDUTVlcW5Hd0drcUlRSlRqazhUQWt3cTRGT2VUemVDTXVrUzZyaUpMSVFlckVQSE1oNHZCJTJGJTJGJTJCd056VmtyODl0d2p2bmNqSE5TdCUyRnZpbGFVTFklMkZYMjM3aXh5aHl1UklCY2cxdDdPbWRBU1ElMkJmazEwVk9rek9leCUyQlhidk9QYXVtV0FpbzBHelhtZmliaEpr%22},%22cw%22:true,%22optout%22:{%22origin%22:0,%22value%22:null},%22origin%22:%22onetag%22,%22sid%22:{%22origin%22:0,%22value%22:null},%22tld%22:%22lcwaikiki.com%22,%22topUrl%22:%22www.lcwaikiki.com%22,%22version%22:%225_18_0%22,%22ifa%22:{%22origin%22:0,%22value%22:null},%22lsw%22:true,%22pm%22:0}:14:3137
r/<@https://gum.criteo.com/syncframe?topUrl=www.lcwaikiki.com&origin=onetag#{%22bundle%22:{%22origin%22:3,%22value%22:%22LqcIe19XSU5PdVVTRkRJSmJJJTJCd0xRaXphTFE3bmhsV1RQWGtiTVk3VlBuSnF6QU9veWtOTTNDUTVlcW5Hd0drcUlRSlRqazhUQWt3cTRGT2VUemVDTXVrUzZyaUpMSVFlckVQSE1oNHZCJTJGJTJGJTJCd056VmtyODl0d2p2bmNqSE5TdCUyRnZpbGFVTFklMkZYMjM3aXh5aHl1UklCY2cxdDdPbWRBU1ElMkJmazEwVk9rek9leCUyQlhidk9QYXVtV0FpbzBHelhtZmliaEpr%22},%22cw%22:true,%22optout%22:{%22origin%22:0,%22value%22:null},%22origin%22:%22onetag%22,%22sid%22:{%22origin%22:0,%22value%22:null},%22tld%22:%22lcwaikiki.com%22,%22topUrl%22:%22www.lcwaikiki.com%22,%22version%22:%225_18_0%22,%22ifa%22:{%22origin%22:0,%22value%22:null},%22lsw%22:true,%22pm%22:0}:14:3642

JavaScript warning: https://www.lcwaikiki.com/NA7749RFW/K/G/-fsalRsKISPhGZAA/uYY5rzhrVN/MRg4WlVeUwU/OGojY/Ap0W3oB, line 1: unreachable code after return statement
JavaScript error: https://www.lcwaikiki.com/tr-TR/TR/urun/LC-WAIKIKI/kadin/Sal/6795296/3194010 line 665 > injectedScript, line 1: TypeError: document.querySelector(...) is null
JavaScript warning: https://www.lcwaikiki.com/NA7749RFW/K/G/-fsalRsKISPhGZAA/uYY5rzhrVN/MRg4WlVeUwU/OGojY/Ap0W3oB, line 1: WEBGL_debug_renderer_info is deprecated in Firefox and will be removed. Please use RENDERER.
JavaScript warning: https://www.lcwaikiki.com/NA7749RFW/K/G/-fsalRsKISPhGZAA/uYY5rzhrVN/MRg4WlVeUwU/OGojY/Ap0W3oB, line 1: WEBGL_debug_renderer_info is deprecated in Firefox and will be removed. Please use RENDERER.
JavaScript warning: https://www.lcwaikiki.com/NA7749RFW/K/G/-fsalRsKISPhGZAA/uYY5rzhrVN/MRg4WlVeUwU/OGojY/Ap0W3oB, line 1: WEBGL_debug_renderer_info is deprecated in Firefox and will be removed. Please use RENDERER.
JavaScript error: https://www.lcwaikiki.com/tr-TR/TR/sepetim, line 585: ReferenceError: ADRUM is not defined
JavaScript warning: https://gum.criteo.com/syncframe?topUrl=www.lcwaikiki.com&origin=onetag#{%22bundle%22:{%22origin%22:3,%22value%22:%22WJVh5F9XSU5PdVVTRkRJSmJJJTJCd0xRaXphTFh5ZkhRSU5hODdLYTc0S2ozazRneWprY3lqUEFkOUJuZkN6aGZFcExQUjV4SGdVYm9JQnNxMUluJTJGRDBsdzVTQjh5Wm43dWxtTXhPcEJsVmhzdHU4ZDBMdEVsYWFKRHlPZ3EzUldaWlROcXdQQVFITmxiM1BSJTJGVWFHTjlUelpxRGhpZ2RXYVElMkJWVVg4eiUyRndTa080SVdEd2hEUU4weElFZHdDY2xOWjROaGpl%22},%22cw%22:true,%22optout%22:{%22origin%22:0,%22value%22:null},%22origin%22:%22onetag%22,%22sid%22:{%22origin%22:0,%22value%22:null},%22tld%22:%22lcwaikiki.com%22,%22topUrl%22:%22www.lcwaikiki.com%22,%22version%22:%225_18_0%22,%22ifa%22:{%22origin%22:0,%22value%22:null},%22lsw%22:true,%22pm%22:0}, line 14: Script terminated by timeout at:
r.prototype.flushEventQueue@https://gum.criteo.com/syncframe?topUrl=www.lcwaikiki.com&origin=onetag#{%22bundle%22:{%22origin%22:3,%22value%22:%22WJVh5F9XSU5PdVVTRkRJSmJJJTJCd0xRaXphTFh5ZkhRSU5hODdLYTc0S2ozazRneWprY3lqUEFkOUJuZkN6aGZFcExQUjV4SGdVYm9JQnNxMUluJTJGRDBsdzVTQjh5Wm43dWxtTXhPcEJsVmhzdHU4ZDBMdEVsYWFKRHlPZ3EzUldaWlROcXdQQVFITmxiM1BSJTJGVWFHTjlUelpxRGhpZ2RXYVElMkJWVVg4eiUyRndTa080SVdEd2hEUU4weElFZHdDY2xOWjROaGpl%22},%22cw%22:true,%22optout%22:{%22origin%22:0,%22value%22:null},%22origin%22:%22onetag%22,%22sid%22:{%22origin%22:0,%22value%22:null},%22tld%22:%22lcwaikiki.com%22,%22topUrl%22:%22www.lcwaikiki.com%22,%22version%22:%225_18_0%22,%22ifa%22:{%22origin%22:0,%22value%22:null},%22lsw%22:true,%22pm%22:0}:14:3137
r/<@https://gum.criteo.com/syncframe?topUrl=www.lcwaikiki.com&origin=onetag#{%22bundle%22:{%22origin%22:3,%22value%22:%22WJVh5F9XSU5PdVVTRkRJSmJJJTJCd0xRaXphTFh5ZkhRSU5hODdLYTc0S2ozazRneWprY3lqUEFkOUJuZkN6aGZFcExQUjV4SGdVYm9JQnNxMUluJTJGRDBsdzVTQjh5Wm43dWxtTXhPcEJsVmhzdHU4ZDBMdEVsYWFKRHlPZ3EzUldaWlROcXdQQVFITmxiM1BSJTJGVWFHTjlUelpxRGhpZ2RXYVElMkJWVVg4eiUyRndTa080SVdEd2hEUU4weElFZHdDY2xOWjROaGpl%22},%22cw%22:true,%22optout%22:{%22origin%22:0,%22value%22:null},%22origin%22:%22onetag%22,%22sid%22:{%22origin%22:0,%22value%22:null},%22tld%22:%22lcwaikiki.com%22,%22topUrl%22:%22www.lcwaikiki.com%22,%22version%22:%225_18_0%22,%22ifa%22:{%22origin%22:0,%22value%22:null},%22lsw%22:true,%22pm%22:0}:14:3642

JavaScript warning: https://www.lcwaikiki.com/NA7749RFW/K/G/-fsalRsKISPhGZAA/uYY5rzhrVN/MRg4WlVeUwU/OGojY/Ap0W3oB, line 1: unreachable code after return statement
JavaScript error: https://www.lcwaikiki.com/tr-TR/TR/sepetim line 665 > injectedScript, line 2: TypeError: document.querySelector(...) is null
JavaScript warning: https://www.lcwaikiki.com/NA7749RFW/K/G/-fsalRsKISPhGZAA/uYY5rzhrVN/MRg4WlVeUwU/OGojY/Ap0W3oB, line 1: WEBGL_debug_renderer_info is deprecated in Firefox and will be removed. Please use RENDERER.
JavaScript warning: https://www.lcwaikiki.com/NA7749RFW/K/G/-fsalRsKISPhGZAA/uYY5rzhrVN/MRg4WlVeUwU/OGojY/Ap0W3oB, line 1: WEBGL_debug_renderer_info is deprecated in Firefox and will be removed. Please use RENDERER.
JavaScript warning: https://www.lcwaikiki.com/NA7749RFW/K/G/-fsalRsKISPhGZAA/uYY5rzhrVN/MRg4WlVeUwU/OGojY/Ap0W3oB, line 1: WEBGL_debug_renderer_info is deprecated in Firefox and will be removed. Please use RENDERER.
1695068099566	Marionette	INFO	Stopped listening on port 64703
JavaScript warning: https://script.hotjar.com/modules.afe18b03a2724895a0ac.js, line 2: Script terminated by timeout at:
t<@https://script.hotjar.com/modules.afe18b03a2724895a0ac.js:2:41999

Dynamically enable window occlusion 1
1695068100123	addons.xpi	ERROR	System addon update list error Error: Failed downloading XML, status: 0, channelStatus: null, errorCode: 5, reason: error
1695072152577	geckodriver	INFO	Listening on 127.0.0.1:49799
1695072155638	mozrunner::runner	INFO	Running command: "C:\\Program Files\\Mozilla Firefox\\firefox.exe" "--marionette" "--remote-debugging-port" "49800" "--remote-allow-hosts" "localhost" "-no-remote" "-profile" "C:\\Users\\ssunal\\AppData\\Local\\Temp\\rust_mozprofileBja24g"
console.warn: services.settings: Ignoring preference override of remote settings server
console.warn: services.settings: Allow by setting MOZ_REMOTE_SETTINGS_DEVTOOLS=1 in the environment
1695072155919	Marionette	INFO	Marionette enabled
Dynamically enable window occlusion 0
1695072155994	Marionette	INFO	Listening on port 49810
WebDriver BiDi listening on ws://127.0.0.1:49800
Read port: 49810
1695072156193	RemoteAgent	WARN	TLS certificate errors will be ignored for this session
DevTools listening on ws://127.0.0.1:49800/devtools/browser/e4149c11-b200-4a55-b821-99600563fe2a
JavaScript error: https://www.lcwaikiki.com/tr-TR/TR, line 174: ReferenceError: ADRUM is not defined
JavaScript warning: https://www.lcwaikiki.com/NA7749RFW/K/G/-fsalRsKISPhGZAA/uYY5rzhrVN/MRg4WlVeUwU/OGojY/Ap0W3oB, line 1: unreachable code after return statement
JavaScript error: https://www.lcwaikiki.com/tr-TR/TR line 2 > injectedScript, line 1: TypeError: element is undefined
JavaScript error: https://www.googletagmanager.com/gtm.js?id=GTM-P7BHVG, line 89: uncaught exception: [object Object]
JavaScript error: https://www.googletagmanager.com/gtm.js?id=GTM-P7BHVG, line 89: uncaught exception: [object Object]
JavaScript warning: https://www.lcwaikiki.com/NA7749RFW/K/G/-fsalRsKISPhGZAA/uYY5rzhrVN/MRg4WlVeUwU/OGojY/Ap0W3oB, line 1: WEBGL_debug_renderer_info is deprecated in Firefox and will be removed. Please use RENDERER.
JavaScript error: , line 0: TypeError: NetworkError when attempting to fetch resource.
JavaScript error: https://www.lcwaikiki.com/tr-TR/TR, line 174: ReferenceError: ADRUM is not defined
JavaScript warning: https://www.lcwaikiki.com/NA7749RFW/K/G/-fsalRsKISPhGZAA/uYY5rzhrVN/MRg4WlVeUwU/OGojY/Ap0W3oB, line 1: unreachable code after return statement
JavaScript warning: https://www.lcwaikiki.com/NA7749RFW/K/G/-fsalRsKISPhGZAA/uYY5rzhrVN/MRg4WlVeUwU/OGojY/Ap0W3oB, line 1: WEBGL_debug_renderer_info is deprecated in Firefox and will be removed. Please use RENDERER.
JavaScript error: https://www.lcwaikiki.com/tr-TR/TR line 2 > injectedScript, line 1: TypeError: element is undefined
JavaScript warning: https://www.lcwaikiki.com/NA7749RFW/K/G/-fsalRsKISPhGZAA/uYY5rzhrVN/MRg4WlVeUwU/OGojY/Ap0W3oB, line 1: WEBGL_debug_renderer_info is deprecated in Firefox and will be removed. Please use RENDERER.
JavaScript warning: https://www.lcwaikiki.com/NA7749RFW/K/G/-fsalRsKISPhGZAA/uYY5rzhrVN/MRg4WlVeUwU/OGojY/Ap0W3oB, line 1: WEBGL_debug_renderer_info is deprecated in Firefox and will be removed. Please use RENDERER.
JavaScript error: https://www.lcwaikiki.com/tr-TR/TR/kategori/kadin/kadin_fular_sal-62, line 174: ReferenceError: ADRUM is not defined
JavaScript warning: https://gum.criteo.com/syncframe?topUrl=www.lcwaikiki.com&origin=onetag#{%22bundle%22:{%22origin%22:0,%22value%22:null},%22cw%22:true,%22optout%22:{%22origin%22:0,%22value%22:null},%22origin%22:%22onetag%22,%22sid%22:{%22origin%22:0,%22value%22:null},%22tld%22:%22lcwaikiki.com%22,%22topUrl%22:%22www.lcwaikiki.com%22,%22version%22:%225_18_0%22,%22ifa%22:{%22origin%22:0,%22value%22:null},%22lsw%22:true,%22pm%22:0}, line 14: Script terminated by timeout at:
r.prototype.flushEventQueue@https://gum.criteo.com/syncframe?topUrl=www.lcwaikiki.com&origin=onetag#{%22bundle%22:{%22origin%22:0,%22value%22:null},%22cw%22:true,%22optout%22:{%22origin%22:0,%22value%22:null},%22origin%22:%22onetag%22,%22sid%22:{%22origin%22:0,%22value%22:null},%22tld%22:%22lcwaikiki.com%22,%22topUrl%22:%22www.lcwaikiki.com%22,%22version%22:%225_18_0%22,%22ifa%22:{%22origin%22:0,%22value%22:null},%22lsw%22:true,%22pm%22:0}:14:3137
r/<@https://gum.criteo.com/syncframe?topUrl=www.lcwaikiki.com&origin=onetag#{%22bundle%22:{%22origin%22:0,%22value%22:null},%22cw%22:true,%22optout%22:{%22origin%22:0,%22value%22:null},%22origin%22:%22onetag%22,%22sid%22:{%22origin%22:0,%22value%22:null},%22tld%22:%22lcwaikiki.com%22,%22topUrl%22:%22www.lcwaikiki.com%22,%22version%22:%225_18_0%22,%22ifa%22:{%22origin%22:0,%22value%22:null},%22lsw%22:true,%22pm%22:0}:14:3642

JavaScript warning: https://www.lcwaikiki.com/NA7749RFW/K/G/-fsalRsKISPhGZAA/uYY5rzhrVN/MRg4WlVeUwU/OGojY/Ap0W3oB, line 1: unreachable code after return statement
JavaScript warning: https://www.lcwaikiki.com/NA7749RFW/K/G/-fsalRsKISPhGZAA/uYY5rzhrVN/MRg4WlVeUwU/OGojY/Ap0W3oB, line 1: WEBGL_debug_renderer_info is deprecated in Firefox and will be removed. Please use RENDERER.
JavaScript warning: https://www.lcwaikiki.com/NA7749RFW/K/G/-fsalRsKISPhGZAA/uYY5rzhrVN/MRg4WlVeUwU/OGojY/Ap0W3oB, line 1: WEBGL_debug_renderer_info is deprecated in Firefox and will be removed. Please use RENDERER.
JavaScript warning: https://www.lcwaikiki.com/NA7749RFW/K/G/-fsalRsKISPhGZAA/uYY5rzhrVN/MRg4WlVeUwU/OGojY/Ap0W3oB, line 1: WEBGL_debug_renderer_info is deprecated in Firefox and will be removed. Please use RENDERER.
JavaScript error: https://www.lcwaikiki.com/tr-TR/TR/urun/LC-WAIKIKI/kadin/Sal/6795296/3194010, line 632: ReferenceError: ADRUM is not defined
JavaScript warning: https://gum.criteo.com/syncframe?topUrl=www.lcwaikiki.com&origin=onetag#{%22bundle%22:{%22origin%22:3,%22value%22:%22dOniFl9wRExxVWFtJTJGS0lnVnpremJXZkg5aERmTGw3MXVSNERBS0YzcXBROTdIJTJGQTVMaE9pc3lCbEFJT0lvOU4xUWdGeDk4Y1dWa2I2Z3prd0UlMkY3NGRJZ1lvcEVZRlZSeHVvejdreVdrZCUyQjA1WlJ3VXVZcEJvT05iMmhsSW93akNXSmNZeHglMkZCcU9ZM2FWT1JKMkxqYmU1NFF4aU91V1h2alRmT0JzQ216SXZka2dDYTlOU2FhUHlwR09VVjBNMFB4Z2tt%22},%22cw%22:true,%22optout%22:{%22origin%22:0,%22value%22:null},%22origin%22:%22onetag%22,%22sid%22:{%22origin%22:0,%22value%22:null},%22tld%22:%22lcwaikiki.com%22,%22topUrl%22:%22www.lcwaikiki.com%22,%22version%22:%225_18_0%22,%22ifa%22:{%22origin%22:0,%22value%22:null},%22lsw%22:true,%22pm%22:0}, line 14: Script terminated by timeout at:
r.prototype.flushEventQueue@https://gum.criteo.com/syncframe?topUrl=www.lcwaikiki.com&origin=onetag#{%22bundle%22:{%22origin%22:3,%22value%22:%22dOniFl9wRExxVWFtJTJGS0lnVnpremJXZkg5aERmTGw3MXVSNERBS0YzcXBROTdIJTJGQTVMaE9pc3lCbEFJT0lvOU4xUWdGeDk4Y1dWa2I2Z3prd0UlMkY3NGRJZ1lvcEVZRlZSeHVvejdreVdrZCUyQjA1WlJ3VXVZcEJvT05iMmhsSW93akNXSmNZeHglMkZCcU9ZM2FWT1JKMkxqYmU1NFF4aU91V1h2alRmT0JzQ216SXZka2dDYTlOU2FhUHlwR09VVjBNMFB4Z2tt%22},%22cw%22:true,%22optout%22:{%22origin%22:0,%22value%22:null},%22origin%22:%22onetag%22,%22sid%22:{%22origin%22:0,%22value%22:null},%22tld%22:%22lcwaikiki.com%22,%22topUrl%22:%22www.lcwaikiki.com%22,%22version%22:%225_18_0%22,%22ifa%22:{%22origin%22:0,%22value%22:null},%22lsw%22:true,%22pm%22:0}:14:3137
r/<@https://gum.criteo.com/syncframe?topUrl=www.lcwaikiki.com&origin=onetag#{%22bundle%22:{%22origin%22:3,%22value%22:%22dOniFl9wRExxVWFtJTJGS0lnVnpremJXZkg5aERmTGw3MXVSNERBS0YzcXBROTdIJTJGQTVMaE9pc3lCbEFJT0lvOU4xUWdGeDk4Y1dWa2I2Z3prd0UlMkY3NGRJZ1lvcEVZRlZSeHVvejdreVdrZCUyQjA1WlJ3VXVZcEJvT05iMmhsSW93akNXSmNZeHglMkZCcU9ZM2FWT1JKMkxqYmU1NFF4aU91V1h2alRmT0JzQ216SXZka2dDYTlOU2FhUHlwR09VVjBNMFB4Z2tt%22},%22cw%22:true,%22optout%22:{%22origin%22:0,%22value%22:null},%22origin%22:%22onetag%22,%22sid%22:{%22origin%22:0,%22value%22:null},%22tld%22:%22lcwaikiki.com%22,%22topUrl%22:%22www.lcwaikiki.com%22,%22version%22:%225_18_0%22,%22ifa%22:{%22origin%22:0,%22value%22:null},%22lsw%22:true,%22pm%22:0}:14:3642

JavaScript warning: https://www.lcwaikiki.com/NA7749RFW/K/G/-fsalRsKISPhGZAA/uYY5rzhrVN/MRg4WlVeUwU/OGojY/Ap0W3oB, line 1: unreachable code after return statement
JavaScript error: https://www.lcwaikiki.com/tr-TR/TR/urun/LC-WAIKIKI/kadin/Sal/6795296/3194010 line 665 > injectedScript, line 1: TypeError: document.querySelector(...) is null
JavaScript warning: https://www.lcwaikiki.com/NA7749RFW/K/G/-fsalRsKISPhGZAA/uYY5rzhrVN/MRg4WlVeUwU/OGojY/Ap0W3oB, line 1: WEBGL_debug_renderer_info is deprecated in Firefox and will be removed. Please use RENDERER.
JavaScript warning: https://www.lcwaikiki.com/NA7749RFW/K/G/-fsalRsKISPhGZAA/uYY5rzhrVN/MRg4WlVeUwU/OGojY/Ap0W3oB, line 1: WEBGL_debug_renderer_info is deprecated in Firefox and will be removed. Please use RENDERER.
JavaScript warning: https://www.lcwaikiki.com/NA7749RFW/K/G/-fsalRsKISPhGZAA/uYY5rzhrVN/MRg4WlVeUwU/OGojY/Ap0W3oB, line 1: WEBGL_debug_renderer_info is deprecated in Firefox and will be removed. Please use RENDERER.
JavaScript error: https://www.lcwaikiki.com/tr-TR/TR/sepetim, line 585: ReferenceError: ADRUM is not defined
JavaScript warning: https://gum.criteo.com/syncframe?topUrl=www.lcwaikiki.com&origin=onetag#{%22bundle%22:{%22origin%22:3,%22value%22:%226Zc6JF9wRExxVWFtJTJGS0lnVnpremJXZkg5aEwyRVhGSDBrMXM4WE9lbFpqVG5xZjRwbTNlUGlnV3lJcCUyRlpsRko0OW12RE1OckswOVppZGVRMmp4VHNlczBUV0drYks3Q2VGUDV6b0ZFWHUxb1k3RWxaT2VjTHBVdmg4dE5kQ1dUOWZXOVUlMkJSbXE2cTdOeWxJQkdTU2I0cENndWw4WGJmRHZXYVVaMkhKN0szRE11OVRaQmJIOXlJcEozJTJCYmxiOTA1b2xPWA%22},%22cw%22:true,%22optout%22:{%22origin%22:0,%22value%22:null},%22origin%22:%22onetag%22,%22sid%22:{%22origin%22:0,%22value%22:null},%22tld%22:%22lcwaikiki.com%22,%22topUrl%22:%22www.lcwaikiki.com%22,%22version%22:%225_18_0%22,%22ifa%22:{%22origin%22:0,%22value%22:null},%22lsw%22:true,%22pm%22:0}, line 14: Script terminated by timeout at:
r.prototype.flushEventQueue@https://gum.criteo.com/syncframe?topUrl=www.lcwaikiki.com&origin=onetag#{%22bundle%22:{%22origin%22:3,%22value%22:%226Zc6JF9wRExxVWFtJTJGS0lnVnpremJXZkg5aEwyRVhGSDBrMXM4WE9lbFpqVG5xZjRwbTNlUGlnV3lJcCUyRlpsRko0OW12RE1OckswOVppZGVRMmp4VHNlczBUV0drYks3Q2VGUDV6b0ZFWHUxb1k3RWxaT2VjTHBVdmg4dE5kQ1dUOWZXOVUlMkJSbXE2cTdOeWxJQkdTU2I0cENndWw4WGJmRHZXYVVaMkhKN0szRE11OVRaQmJIOXlJcEozJTJCYmxiOTA1b2xPWA%22},%22cw%22:true,%22optout%22:{%22origin%22:0,%22value%22:null},%22origin%22:%22onetag%22,%22sid%22:{%22origin%22:0,%22value%22:null},%22tld%22:%22lcwaikiki.com%22,%22topUrl%22:%22www.lcwaikiki.com%22,%22version%22:%225_18_0%22,%22ifa%22:{%22origin%22:0,%22value%22:null},%22lsw%22:true,%22pm%22:0}:14:3137
r/<@https://gum.criteo.com/syncframe?topUrl=www.lcwaikiki.com&origin=onetag#{%22bundle%22:{%22origin%22:3,%22value%22:%226Zc6JF9wRExxVWFtJTJGS0lnVnpremJXZkg5aEwyRVhGSDBrMXM4WE9lbFpqVG5xZjRwbTNlUGlnV3lJcCUyRlpsRko0OW12RE1OckswOVppZGVRMmp4VHNlczBUV0drYks3Q2VGUDV6b0ZFWHUxb1k3RWxaT2VjTHBVdmg4dE5kQ1dUOWZXOVUlMkJSbXE2cTdOeWxJQkdTU2I0cENndWw4WGJmRHZXYVVaMkhKN0szRE11OVRaQmJIOXlJcEozJTJCYmxiOTA1b2xPWA%22},%22cw%22:true,%22optout%22:{%22origin%22:0,%22value%22:null},%22origin%22:%22onetag%22,%22sid%22:{%22origin%22:0,%22value%22:null},%22tld%22:%22lcwaikiki.com%22,%22topUrl%22:%22www.lcwaikiki.com%22,%22version%22:%225_18_0%22,%22ifa%22:{%22origin%22:0,%22value%22:null},%22lsw%22:true,%22pm%22:0}:14:3642

JavaScript warning: https://www.lcwaikiki.com/NA7749RFW/K/G/-fsalRsKISPhGZAA/uYY5rzhrVN/MRg4WlVeUwU/OGojY/Ap0W3oB, line 1: unreachable code after return statement
JavaScript error: https://www.lcwaikiki.com/tr-TR/TR/sepetim line 665 > injectedScript, line 2: TypeError: document.querySelector(...) is null
JavaScript warning: https://www.lcwaikiki.com/NA7749RFW/K/G/-fsalRsKISPhGZAA/uYY5rzhrVN/MRg4WlVeUwU/OGojY/Ap0W3oB, line 1: WEBGL_debug_renderer_info is deprecated in Firefox and will be removed. Please use RENDERER.
JavaScript warning: https://www.lcwaikiki.com/NA7749RFW/K/G/-fsalRsKISPhGZAA/uYY5rzhrVN/MRg4WlVeUwU/OGojY/Ap0W3oB, line 1: WEBGL_debug_renderer_info is deprecated in Firefox and will be removed. Please use RENDERER.
JavaScript warning: https://www.lcwaikiki.com/NA7749RFW/K/G/-fsalRsKISPhGZAA/uYY5rzhrVN/MRg4WlVeUwU/OGojY/Ap0W3oB, line 1: WEBGL_debug_renderer_info is deprecated in Firefox and will be removed. Please use RENDERER.
1695072205234	Marionette	INFO	Stopped listening on port 49810
JavaScript warning: https://www.lcwaikiki.com/Resource/Scripts/lib/jquery?v=91FtmLtL1nzG25921Ry9u7J4nVeowg_bjF7YHnyRZek1, line 6358: Script terminated by timeout at:
CheckValidation/<@https://www.lcwaikiki.com/Resource/Scripts/lib/jquery?v=91FtmLtL1nzG25921Ry9u7J4nVeowg_bjF7YHnyRZek1:6358:30

Dynamically enable window occlusion 1
